<?xml version="1.0" encoding="UTF-8"?>
<!-- Generated by org.testng.reporters.JUnitReportReporter -->
<testsuite hostname="DESKTOP-JUU6CHH" failures="0" tests="1" name="Aug31.SampleTest" time="0.019" errors="0" timestamp="2025-07-31T15:55:06 IST" skipped="0">
  <testcase classname="Aug31.SampleTest" name="testLogin" time="0.019"/>
</testsuite> <!-- Aug31.SampleTest -->
