<?xml version="1.0" encoding="UTF-8"?>
<!-- Generated by org.testng.reporters.JUnitReportReporter -->
<testsuite hostname="DESKTOP-JUU6CHH" failures="0" tests="2" name="Sept02.DataProvideExample" time="0.033" errors="0" timestamp="2025-07-14T20:08:51 IST" skipped="0">
  <testcase classname="Sept02.DataProvideExample" name="loginTest" time="0.031"/>
  <testcase classname="Sept02.DataProvideExample" name="loginTest" time="0.002"/>
</testsuite> <!-- Sept02.DataProvideExample -->
