<?xml version="1.0" encoding="UTF-8"?>
<!-- Generated by org.testng.reporters.JUnitReportReporter -->
<testsuite hostname="DESKTOP-JUU6CHH" failures="0" tests="3" name="July09.InvocationcountExample" time="0.034" errors="0" timestamp="2025-07-09T23:06:09 IST" skipped="0">
  <testcase classname="July09.InvocationcountExample" name="testMehtod" time="0.002"/>
  <testcase classname="July09.InvocationcountExample" name="testMehtod" time="0.002"/>
  <testcase classname="July09.InvocationcountExample" name="testMehtod" time="0.030"/>
</testsuite> <!-- July09.InvocationcountExample -->
