<?xml version="1.0" encoding="UTF-8"?>
<!-- Generated by org.testng.reporters.JUnitReportReporter -->
<testsuite hostname="DESKTOP-JUU6CHH" failures="0" tests="1" name="SeleniumPractice.FlipkartTest" time="20.195" errors="0" timestamp="2025-08-16T14:09:47 IST" skipped="0">
  <testcase classname="SeleniumPractice.FlipkartTest" name="flipkartE2EFlow" time="20.195"/>
</testsuite> <!-- SeleniumPractice.FlipkartTest -->
