<?xml version="1.0" encoding="UTF-8"?>
<!-- Generated by org.testng.reporters.JUnitReportReporter -->
<testsuite hostname="DESKTOP-JUU6CHH" failures="0" tests="1" name="Day1.JsonPlaceholderSchemaValidation" time="2.851" errors="0" timestamp="2025-08-01T19:05:40 IST" skipped="0">
  <testcase classname="Day1.JsonPlaceholderSchemaValidation" name="validatePostSchema" time="2.851"/>
</testsuite> <!-- Day1.JsonPlaceholderSchemaValidation -->
