<?xml version="1.0" encoding="UTF-8"?>
<!-- Generated by org.testng.reporters.JUnitReportReporter -->
<testsuite hostname="DESKTOP-JUU6CHH" failures="0" tests="2" name="Aug17.TestNGgroup" time="0.030" errors="0" timestamp="2025-07-14T15:54:19 IST" skipped="0">
  <testcase classname="Aug17.TestNGgroup" name="Logintest" time="0.015"/>
  <testcase classname="Aug17.TestNGgroup" name="Logintest1" time="0.015"/>
</testsuite> <!-- Aug17.TestNGgroup -->
