<?xml version="1.0" encoding="UTF-8"?>
<!-- Generated by org.testng.reporters.JUnitReportReporter -->
<testsuite hostname="DESKTOP-JUU6CHH" failures="0" tests="1" name="Day2.PostDatauseingmap" time="3.244" errors="0" timestamp="2025-08-01T19:19:22 IST" skipped="0">
  <testcase classname="Day2.PostDatauseingmap" name="postUsingMap" time="3.244"/>
</testsuite> <!-- Day2.PostDatauseingmap -->
