<?xml version="1.0" encoding="UTF-8"?>
<!-- Generated by org.testng.reporters.JUnitReportReporter -->
<testsuite hostname="DESKTOP-JUU6CHH" failures="0" tests="1" name="Day1.goolgetest" time="2.765" errors="0" timestamp="2025-06-29T20:43:35 IST" skipped="0">
  <testcase classname="Day1.goolgetest" name="tesheder" time="2.765"/>
</testsuite> <!-- Day1.goolgetest -->
