<?xml version="1.0" encoding="UTF-8"?>
<!-- Generated by org.testng.reporters.JUnitReportReporter -->
<testsuite hostname="DESKTOP-JUU6CHH" failures="0" tests="3" name="July20.PriorityExample" time="0.023" errors="0" timestamp="2025-07-14T17:54:50 IST" skipped="0">
  <testcase classname="July20.PriorityExample" name="testB" time="0.003"/>
  <testcase classname="July20.PriorityExample" name="testB" time="0.003"/>
  <testcase classname="July20.PriorityExample" name="testA" time="0.017"/>
</testsuite> <!-- July20.PriorityExample -->
