<?xml version="1.0" encoding="UTF-8"?>
<!-- Generated by org.testng.reporters.JUnitReportReporter -->
<testsuite hostname="DESKTOP-JUU6CHH" failures="0" tests="1" name="Day1.QueryParamerer" time="1.874" errors="0" timestamp="2025-06-29T19:35:25 IST" skipped="0">
  <testcase classname="Day1.QueryParamerer" name="testpara" time="1.874"/>
</testsuite> <!-- Day1.QueryParamerer -->
