<?xml version="1.0" encoding="UTF-8"?>
<!-- Generated by org.testng.reporters.JUnitReportReporter -->
<testsuite hostname="DESKTOP-JUU6CHH" failures="0" tests="1" name="July10.RetryAnalyzer" time="0.012" errors="0" timestamp="2025-07-10T19:54:00 IST" skipped="0">
  <testcase classname="July10.RetryAnalyzer" name="testMethod" time="0.012"/>
</testsuite> <!-- July10.RetryAnalyzer -->
