<?xml version="1.0" encoding="UTF-8"?>
<!-- Generated by org.testng.reporters.JUnitReportReporter -->
<testsuite hostname="DESKTOP-JUU6CHH" failures="0" tests="1" name="Day1.Test2" time="1.825" errors="0" timestamp="2025-06-29T08:48:14 IST" skipped="0">
  <testcase classname="Day1.Test2" name="testposse" time="1.825"/>
</testsuite> <!-- Day1.Test2 -->
