<?xml version="1.0" encoding="UTF-8"?>
<!-- Generated by org.testng.reporters.JUnitReportReporter -->
<testsuite hostname="DESKTOP-JUU6CHH" failures="0" tests="1" name="Day2.PostUsingJSONObject" time="3.317" errors="0" timestamp="2025-08-01T19:33:18 IST" skipped="0">
  <testcase classname="Day2.PostUsingJSONObject" name="postWithJSONObject" time="3.317"/>
</testsuite> <!-- Day2.PostUsingJSONObject -->
