<?xml version="1.0" encoding="UTF-8"?>
<!-- Generated by org.testng.reporters.JUnitReportReporter -->
<testsuite hostname="DESKTOP-JUU6CHH" failures="0" tests="1" name="Day2.testexample" time="2.449" errors="0" timestamp="2025-08-01T20:42:18 IST" skipped="0">
  <testcase classname="Day2.testexample" name="GetCookiesInfo" time="2.449"/>
</testsuite> <!-- Day2.testexample -->
