<?xml version="1.0" encoding="UTF-8"?>
<!-- Generated by org.testng.reporters.JUnitReportReporter -->
<testsuite hostname="DESKTOP-JUU6CHH" failures="0" tests="1" name="Playwright.LoginLogoutwithTestng" time="33.880" errors="0" timestamp="2025-07-06T15:10:42 IST" skipped="0">
  <testcase classname="Playwright.LoginLogoutwithTestng" name="LoginTest" time="33.880"/>
</testsuite> <!-- Playwright.LoginLogoutwithTestng -->
