<?xml version="1.0" encoding="UTF-8"?>
<!-- Generated by org.testng.reporters.JUnitReportReporter -->
<testsuite hostname="DESKTOP-JUU6CHH" failures="0" tests="2" name="Sept01.DpendecnyTest" time="0.028" errors="0" timestamp="2025-08-16T08:26:42 IST" skipped="0">
  <testcase classname="Sept01.DpendecnyTest" name="dashboard" time="0.013"/>
  <testcase classname="Sept01.DpendecnyTest" name="login" time="0.015"/>
</testsuite> <!-- Sept01.DpendecnyTest -->
