<?xml version="1.0" encoding="UTF-8"?>
<!-- Generated by org.testng.reporters.JUnitReportReporter -->
<testsuite hostname="DESKTOP-JUU6CHH" failures="0" tests="2" name="July09.DataProvider1" time="0.027" errors="0" timestamp="2025-07-09T20:49:31 IST" skipped="0">
  <testcase classname="July09.DataProvider1" name="tesLogin" time="0.013"/>
  <testcase classname="July09.DataProvider1" name="tesLogin" time="0.014"/>
</testsuite> <!-- July09.DataProvider1 -->
