<?xml version="1.0" encoding="UTF-8"?>
<!-- Generated by org.testng.reporters.JUnitReportReporter -->
<testsuite hostname="DESKTOP-JUU6CHH" failures="0" tests="1" name="Day2.GetUserTest" time="4.129" errors="0" timestamp="2025-07-31T16:42:56 IST" skipped="0">
  <testcase classname="Day2.GetUserTest" name="getUsersList" time="4.129"/>
</testsuite> <!-- Day2.GetUserTest -->
