<?xml version="1.0" encoding="UTF-8"?>
<!-- Generated by org.testng.reporters.JUnitReportReporter -->
<testsuite hostname="DESKTOP-JUU6CHH" failures="0" tests="1" name="Day2.GetPostValidation" time="2.750" errors="0" timestamp="2025-08-01T19:43:34 IST" skipped="0">
  <testcase classname="Day2.GetPostValidation" name="validateGetPostByID" time="2.750"/>
</testsuite> <!-- Day2.GetPostValidation -->
