<?xml version="1.0" encoding="UTF-8"?>
<!-- Generated by org.testng.reporters.JUnitReportReporter -->
<testsuite hostname="DESKTOP-JUU6CHH" failures="0" tests="1" name="SeleniumPractice.FlipkartTest" time="15.216" errors="0" timestamp="2025-08-16T14:24:38 IST" skipped="0">
  <testcase classname="SeleniumPractice.FlipkartTest" name="flipkartE2EFlow" time="15.216"/>
</testsuite> <!-- SeleniumPractice.FlipkartTest -->
